
==================================================================

XML Access Delegate invoked at Thu Feb 18 20:19:38 CST 2016
ID: com.ibm.etools.portal.ui.v85.removePreviousPortlets.portlet

XML Access Request sent at Thu Feb 18 20:19:38 CST 2016
XML Access Delegate returned a null document


==================================================================

XML Access Delegate invoked at Thu Feb 18 20:20:15 CST 2016
ID: com.ibm.etools.portal.server.ui.v85.xmlaccess.installPredeployedPortlet.portlet
 Attribute: anonymousAccess = false

XML Access Request sent at Thu Feb 18 20:20:15 CST 2016
<?xml version="1.0" encoding="UTF-8"?>
<request create-oids="true" type="update" xmlns:xsi="http://www.w3.org/2001/XMLSchema-instance" xsi:noNamespaceSchemaLocation="PortalConfig_8.0.0.xsd">
  <portal action="locate">
    <web-app action="update" active="true" predeployed="true" removable="true" uid="com.ibm.faces20.portlet.FacesPortlet.b12b747f25.webmod">
      <url>file://localhost/home/basic_user/Documents/workspace/bcbsma/All/WebContent</url>
      <context-root>/.All</context-root>
      <display-name>.All</display-name>
      <portlet-app action="update" active="true" name="All.war" uid="com.ibm.faces20.portlet.FacesPortlet.b12b747f25">
        <access-control>
          <role actionset="Privileged User" update="set">
            <mapping subjectid="all authenticated portal users" subjecttype="user_group" update="set"/>
          </role>
        </access-control>
        <portlet action="update" active="true" name="All" provided="false"/>
      </portlet-app>
    </web-app>
  </portal>
</request>

XML Access Response received at Thu Feb 18 20:20:17 CST 2016
<?xml version="1.0" encoding="UTF-8"?>
<request build="20140424-1749" type="update" version="8.5.0.0" xmlns:xsi="http://www.w3.org/2001/XMLSchema-instance" xsi:noNamespaceSchemaLocation="PortalConfig_8.5.0.xsd">
      <status element="all" result="ok"/>

</request>


==================================================================

XML Access Delegate invoked at Thu Feb 18 20:20:17 CST 2016
ID: com.ibm.etools.portal.server.ui.v85.xmlaccess.createPages.portlet
 Attribute: labelTitle = Rational Components
 Attribute: labelOrdinal = first
 Attribute: multiplePages = true

XML Access Request sent at Thu Feb 18 20:20:17 CST 2016
<?xml version="1.0" encoding="UTF-8"?>
<request create-oids="true" type="update" xmlns:xsi="http://www.w3.org/2001/XMLSchema-instance" xsi:noNamespaceSchemaLocation="PortalConfig_8.0.0.xsd">
  <portal action="locate">
    <markup action="update" active="true" default-charset="UTF-8" mimetype="text/html" name="chtml">
      <localedata charset="UTF-8" locale="sv">
        <title>chtml</title>
      </localedata>
      <localedata charset="UTF-8" locale="nl">
        <title>chtml</title>
      </localedata>
      <localedata charset="UTF-8" locale="en">
        <title>chtml</title>
      </localedata>
      <localedata charset="UTF-8" locale="cs">
        <title>chtml</title>
      </localedata>
      <localedata charset="UTF-8" locale="el">
        <title>chtml</title>
      </localedata>
      <localedata charset="UTF-8" locale="ar">
        <title>chtml</title>
      </localedata>
      <localedata charset="UTF-8" locale="hu">
        <title>chtml</title>
      </localedata>
      <localedata charset="UTF-8" locale="hr">
        <title>chtml</title>
      </localedata>
      <localedata charset="UTF-8" locale="zh">
        <title>chtml</title>
      </localedata>
      <localedata charset="UTF-8" locale="fr">
        <title>chtml</title>
      </localedata>
      <localedata charset="UTF-8" locale="ja">
        <title>chtml</title>
      </localedata>
      <localedata charset="UTF-8" locale="tr">
        <title>chtml</title>
      </localedata>
      <localedata charset="UTF-8" locale="pt_BR">
        <title>chtml</title>
      </localedata>
      <localedata charset="UTF-8" locale="zh_TW">
        <title>chtml</title>
      </localedata>
      <localedata charset="UTF-8" locale="fi">
        <title>chtml</title>
      </localedata>
      <localedata charset="UTF-8" locale="ru">
        <title>chtml</title>
      </localedata>
      <localedata charset="UTF-8" locale="iw">
        <title>chtml</title>
      </localedata>
      <localedata charset="UTF-8" locale="ko">
        <title>chtml</title>
      </localedata>
      <localedata charset="UTF-8" locale="it">
        <title>chtml</title>
      </localedata>
      <localedata charset="UTF-8" locale="pt">
        <title>chtml</title>
      </localedata>
      <localedata charset="UTF-8" locale="de">
        <title>chtml</title>
      </localedata>
      <localedata charset="UTF-8" locale="da">
        <title>chtml</title>
      </localedata>
      <localedata charset="UTF-8" locale="pl">
        <title>chtml</title>
      </localedata>
      <localedata charset="UTF-8" locale="es">
        <title>chtml</title>
      </localedata>
      <localedata charset="UTF-8" locale="no">
        <title>chtml</title>
      </localedata>
    </markup>
    <web-app action="locate" uid="com.ibm.faces20.portlet.FacesPortlet.b12b747f25.webmod">
      <portlet-app action="locate" name="com.ibm.faces20.portlet.FacesPortlet.b12b747f25">
        <portlet action="locate" name="All" objectid="rationalportletAll"/>
      </portlet-app>
    </web-app>
    <content-node action="update" objectid="MyPortalParentPage" uniquename="ibm.portal.Home">
      <supported-markup markup="html" update="set"/>
    </content-node>
    <content-node action="update" active="true" content-parentref="MyPortalParentPage" create-type="explicit" objectid="RationalPortletsParentPage" ordinal="first" type="label" uniquename="ibm.portal.rational.portlets">
      <supported-markup markup="html" update="set"/>
      <localedata locale="sv">
        <title>Rational Components</title>
      </localedata>
      <localedata locale="nl">
        <title>Rational Components</title>
      </localedata>
      <localedata locale="en">
        <title>Rational Components</title>
      </localedata>
      <localedata locale="cs">
        <title>Rational Components</title>
      </localedata>
      <localedata locale="el">
        <title>Rational Components</title>
      </localedata>
      <localedata locale="ar">
        <title>Rational Components</title>
      </localedata>
      <localedata locale="hu">
        <title>Rational Components</title>
      </localedata>
      <localedata locale="hr">
        <title>Rational Components</title>
      </localedata>
      <localedata locale="zh">
        <title>Rational Components</title>
      </localedata>
      <localedata locale="fr">
        <title>Rational Components</title>
      </localedata>
      <localedata locale="ja">
        <title>Rational Components</title>
      </localedata>
      <localedata locale="tr">
        <title>Rational Components</title>
      </localedata>
      <localedata locale="pt_BR">
        <title>Rational Components</title>
      </localedata>
      <localedata locale="zh_TW">
        <title>Rational Components</title>
      </localedata>
      <localedata locale="fi">
        <title>Rational Components</title>
      </localedata>
      <localedata locale="ru">
        <title>Rational Components</title>
      </localedata>
      <localedata locale="iw">
        <title>Rational Components</title>
      </localedata>
      <localedata locale="ko">
        <title>Rational Components</title>
      </localedata>
      <localedata locale="it">
        <title>Rational Components</title>
      </localedata>
      <localedata locale="pt">
        <title>Rational Components</title>
      </localedata>
      <localedata locale="de">
        <title>Rational Components</title>
      </localedata>
      <localedata locale="da">
        <title>Rational Components</title>
      </localedata>
      <localedata locale="pl">
        <title>Rational Components</title>
      </localedata>
      <localedata locale="es">
        <title>Rational Components</title>
      </localedata>
      <localedata locale="no">
        <title>Rational Components</title>
      </localedata>
      <access-control>
        <role actionset="Privileged User" update="set">
          <mapping subjectid="all authenticated portal users" subjecttype="user_group" update="set"/>
        </role>
      </access-control>
    </content-node>
    <content-node action="update" active="true" content-parentref="RationalPortletsParentPage" create-type="explicit" ordinal="first" preserve-old-layout="true" type="staticpage" uniquename="ibm.portal.rational.portlets.All.5747ecd1ef9662a4b6fd4cd619340fe7">
      <supported-markup markup="html" update="set"/>
      <localedata locale="sv">
        <title>All</title>
      </localedata>
      <localedata locale="nl">
        <title>All</title>
      </localedata>
      <localedata locale="en">
        <title>All</title>
      </localedata>
      <localedata locale="cs">
        <title>All</title>
      </localedata>
      <localedata locale="el">
        <title>All</title>
      </localedata>
      <localedata locale="ar">
        <title>All</title>
      </localedata>
      <localedata locale="hu">
        <title>All</title>
      </localedata>
      <localedata locale="hr">
        <title>All</title>
      </localedata>
      <localedata locale="zh">
        <title>All</title>
      </localedata>
      <localedata locale="fr">
        <title>All</title>
      </localedata>
      <localedata locale="ja">
        <title>All</title>
      </localedata>
      <localedata locale="tr">
        <title>All</title>
      </localedata>
      <localedata locale="pt_BR">
        <title>All</title>
      </localedata>
      <localedata locale="zh_TW">
        <title>All</title>
      </localedata>
      <localedata locale="fi">
        <title>All</title>
      </localedata>
      <localedata locale="ru">
        <title>All</title>
      </localedata>
      <localedata locale="iw">
        <title>All</title>
      </localedata>
      <localedata locale="ko">
        <title>All</title>
      </localedata>
      <localedata locale="it">
        <title>All</title>
      </localedata>
      <localedata locale="pt">
        <title>All</title>
      </localedata>
      <localedata locale="de">
        <title>All</title>
      </localedata>
      <localedata locale="da">
        <title>All</title>
      </localedata>
      <localedata locale="pl">
        <title>All</title>
      </localedata>
      <localedata locale="es">
        <title>All</title>
      </localedata>
      <localedata locale="no">
        <title>All</title>
      </localedata>
      <parameter name="resourceaggregation.profile" type="string" update="set">profiles/profile_dojo_deferred.json</parameter>
      <parameter name="com.ibm.portal.static.page.file.name.html" type="string" update="set">&lt;![CDATA[ layout.html ]]&gt; </parameter>
      <parameter name="com.ibm.portal.layout.template.ref" type="string" update="set">&lt;![CDATA[ dav:fs-type1/themes/Portal8.5/layout-templates/1Column/ ]]&gt; </parameter>
      <access-control>
        <role actionset="Privileged User" update="set">
          <mapping subjectid="all authenticated portal users" subjecttype="user_group" update="set"/>
        </role>
      </access-control>
      <component action="update" ordinal="-1" orientation="H" type="container" uniquename="rational.portlets.All.pageContainer">
        <component action="update" ordinal="-1" orientation="V" type="container" uniquename="rational.portlets.All.projectVContainer.All">
          <parameter name="com.ibm.portal.layoutnode.localname" type="string" update="set">&lt;![CDATA[ ibmMainContainer ]]&gt; </parameter>
          <component action="update" ordinal="100" type="control" uniquename="rational.portlets.All.portletControl.All.All">
            <portletinstance action="update" portletref="rationalportletAll" uniquename="rational.portlets.All.portletInstance.All.All"/>
          </component>
        </component>
      </component>
    </content-node>
  </portal>
</request>

XML Access Response received at Thu Feb 18 20:20:35 CST 2016
<?xml version="1.0" encoding="UTF-8"?>
<request build="20140424-1749" type="update" version="8.5.0.0" xmlns:xsi="http://www.w3.org/2001/XMLSchema-instance" xsi:noNamespaceSchemaLocation="PortalConfig_8.5.0.xsd">
      <status element="all" result="ok"/>

</request>


==================================================================

XML Access Delegate invoked at Thu Feb 18 20:20:36 CST 2016
ID: com.ibm.etools.portal.server.ui.v85.xmlaccess.installPredeployedPortlet.portlet
 Attribute: anonymousAccess = false

XML Access Request sent at Thu Feb 18 20:20:36 CST 2016
<?xml version="1.0" encoding="UTF-8"?>
<request create-oids="true" type="update" xmlns:xsi="http://www.w3.org/2001/XMLSchema-instance" xsi:noNamespaceSchemaLocation="PortalConfig_8.0.0.xsd">
  <portal action="locate">
    <web-app action="update" active="true" predeployed="true" removable="true" uid="com.ibm.faces20.portlet.FacesPortlet.b12b747f25.webmod">
      <url>file://localhost/home/basic_user/Documents/workspace/bcbsma/All/WebContent</url>
      <context-root>/.All</context-root>
      <display-name>.All</display-name>
      <portlet-app action="update" active="true" name="All.war" uid="com.ibm.faces20.portlet.FacesPortlet.b12b747f25">
        <access-control>
          <role actionset="Privileged User" update="set">
            <mapping subjectid="all authenticated portal users" subjecttype="user_group" update="set"/>
          </role>
        </access-control>
        <portlet action="update" active="true" name="All" provided="false"/>
      </portlet-app>
    </web-app>
  </portal>
</request>

XML Access Response received at Thu Feb 18 20:20:37 CST 2016
<?xml version="1.0" encoding="UTF-8"?>
<request build="20140424-1749" type="update" version="8.5.0.0" xmlns:xsi="http://www.w3.org/2001/XMLSchema-instance" xsi:noNamespaceSchemaLocation="PortalConfig_8.5.0.xsd">
      <status element="all" result="ok"/>

</request>


==================================================================

XML Access Delegate invoked at Thu Feb 18 20:20:37 CST 2016
ID: com.ibm.etools.portal.server.ui.v85.xmlaccess.createPages.portlet
 Attribute: labelTitle = Rational Components
 Attribute: labelOrdinal = first
 Attribute: multiplePages = true

XML Access Request sent at Thu Feb 18 20:20:37 CST 2016
<?xml version="1.0" encoding="UTF-8"?>
<request create-oids="true" type="update" xmlns:xsi="http://www.w3.org/2001/XMLSchema-instance" xsi:noNamespaceSchemaLocation="PortalConfig_8.0.0.xsd">
  <portal action="locate">
    <markup action="update" active="true" default-charset="UTF-8" mimetype="text/html" name="chtml">
      <localedata charset="UTF-8" locale="sv">
        <title>chtml</title>
      </localedata>
      <localedata charset="UTF-8" locale="nl">
        <title>chtml</title>
      </localedata>
      <localedata charset="UTF-8" locale="en">
        <title>chtml</title>
      </localedata>
      <localedata charset="UTF-8" locale="cs">
        <title>chtml</title>
      </localedata>
      <localedata charset="UTF-8" locale="el">
        <title>chtml</title>
      </localedata>
      <localedata charset="UTF-8" locale="ar">
        <title>chtml</title>
      </localedata>
      <localedata charset="UTF-8" locale="hu">
        <title>chtml</title>
      </localedata>
      <localedata charset="UTF-8" locale="hr">
        <title>chtml</title>
      </localedata>
      <localedata charset="UTF-8" locale="zh">
        <title>chtml</title>
      </localedata>
      <localedata charset="UTF-8" locale="fr">
        <title>chtml</title>
      </localedata>
      <localedata charset="UTF-8" locale="ja">
        <title>chtml</title>
      </localedata>
      <localedata charset="UTF-8" locale="tr">
        <title>chtml</title>
      </localedata>
      <localedata charset="UTF-8" locale="pt_BR">
        <title>chtml</title>
      </localedata>
      <localedata charset="UTF-8" locale="zh_TW">
        <title>chtml</title>
      </localedata>
      <localedata charset="UTF-8" locale="fi">
        <title>chtml</title>
      </localedata>
      <localedata charset="UTF-8" locale="ru">
        <title>chtml</title>
      </localedata>
      <localedata charset="UTF-8" locale="iw">
        <title>chtml</title>
      </localedata>
      <localedata charset="UTF-8" locale="ko">
        <title>chtml</title>
      </localedata>
      <localedata charset="UTF-8" locale="it">
        <title>chtml</title>
      </localedata>
      <localedata charset="UTF-8" locale="pt">
        <title>chtml</title>
      </localedata>
      <localedata charset="UTF-8" locale="de">
        <title>chtml</title>
      </localedata>
      <localedata charset="UTF-8" locale="da">
        <title>chtml</title>
      </localedata>
      <localedata charset="UTF-8" locale="pl">
        <title>chtml</title>
      </localedata>
      <localedata charset="UTF-8" locale="es">
        <title>chtml</title>
      </localedata>
      <localedata charset="UTF-8" locale="no">
        <title>chtml</title>
      </localedata>
    </markup>
    <web-app action="locate" uid="com.ibm.faces20.portlet.FacesPortlet.b12b747f25.webmod">
      <portlet-app action="locate" name="com.ibm.faces20.portlet.FacesPortlet.b12b747f25">
        <portlet action="locate" name="All" objectid="rationalportletAll"/>
      </portlet-app>
    </web-app>
    <content-node action="update" objectid="MyPortalParentPage" uniquename="ibm.portal.Home">
      <supported-markup markup="html" update="set"/>
    </content-node>
    <content-node action="update" active="true" content-parentref="MyPortalParentPage" create-type="explicit" objectid="RationalPortletsParentPage" ordinal="first" type="label" uniquename="ibm.portal.rational.portlets">
      <supported-markup markup="html" update="set"/>
      <localedata locale="sv">
        <title>Rational Components</title>
      </localedata>
      <localedata locale="nl">
        <title>Rational Components</title>
      </localedata>
      <localedata locale="en">
        <title>Rational Components</title>
      </localedata>
      <localedata locale="cs">
        <title>Rational Components</title>
      </localedata>
      <localedata locale="el">
        <title>Rational Components</title>
      </localedata>
      <localedata locale="ar">
        <title>Rational Components</title>
      </localedata>
      <localedata locale="hu">
        <title>Rational Components</title>
      </localedata>
      <localedata locale="hr">
        <title>Rational Components</title>
      </localedata>
      <localedata locale="zh">
        <title>Rational Components</title>
      </localedata>
      <localedata locale="fr">
        <title>Rational Components</title>
      </localedata>
      <localedata locale="ja">
        <title>Rational Components</title>
      </localedata>
      <localedata locale="tr">
        <title>Rational Components</title>
      </localedata>
      <localedata locale="pt_BR">
        <title>Rational Components</title>
      </localedata>
      <localedata locale="zh_TW">
        <title>Rational Components</title>
      </localedata>
      <localedata locale="fi">
        <title>Rational Components</title>
      </localedata>
      <localedata locale="ru">
        <title>Rational Components</title>
      </localedata>
      <localedata locale="iw">
        <title>Rational Components</title>
      </localedata>
      <localedata locale="ko">
        <title>Rational Components</title>
      </localedata>
      <localedata locale="it">
        <title>Rational Components</title>
      </localedata>
      <localedata locale="pt">
        <title>Rational Components</title>
      </localedata>
      <localedata locale="de">
        <title>Rational Components</title>
      </localedata>
      <localedata locale="da">
        <title>Rational Components</title>
      </localedata>
      <localedata locale="pl">
        <title>Rational Components</title>
      </localedata>
      <localedata locale="es">
        <title>Rational Components</title>
      </localedata>
      <localedata locale="no">
        <title>Rational Components</title>
      </localedata>
      <access-control>
        <role actionset="Privileged User" update="set">
          <mapping subjectid="all authenticated portal users" subjecttype="user_group" update="set"/>
        </role>
      </access-control>
    </content-node>
    <content-node action="update" active="true" content-parentref="RationalPortletsParentPage" create-type="explicit" ordinal="first" preserve-old-layout="true" type="staticpage" uniquename="ibm.portal.rational.portlets.All.5747ecd1ef9662a4b6fd4cd619340fe7">
      <supported-markup markup="html" update="set"/>
      <localedata locale="sv">
        <title>All</title>
      </localedata>
      <localedata locale="nl">
        <title>All</title>
      </localedata>
      <localedata locale="en">
        <title>All</title>
      </localedata>
      <localedata locale="cs">
        <title>All</title>
      </localedata>
      <localedata locale="el">
        <title>All</title>
      </localedata>
      <localedata locale="ar">
        <title>All</title>
      </localedata>
      <localedata locale="hu">
        <title>All</title>
      </localedata>
      <localedata locale="hr">
        <title>All</title>
      </localedata>
      <localedata locale="zh">
        <title>All</title>
      </localedata>
      <localedata locale="fr">
        <title>All</title>
      </localedata>
      <localedata locale="ja">
        <title>All</title>
      </localedata>
      <localedata locale="tr">
        <title>All</title>
      </localedata>
      <localedata locale="pt_BR">
        <title>All</title>
      </localedata>
      <localedata locale="zh_TW">
        <title>All</title>
      </localedata>
      <localedata locale="fi">
        <title>All</title>
      </localedata>
      <localedata locale="ru">
        <title>All</title>
      </localedata>
      <localedata locale="iw">
        <title>All</title>
      </localedata>
      <localedata locale="ko">
        <title>All</title>
      </localedata>
      <localedata locale="it">
        <title>All</title>
      </localedata>
      <localedata locale="pt">
        <title>All</title>
      </localedata>
      <localedata locale="de">
        <title>All</title>
      </localedata>
      <localedata locale="da">
        <title>All</title>
      </localedata>
      <localedata locale="pl">
        <title>All</title>
      </localedata>
      <localedata locale="es">
        <title>All</title>
      </localedata>
      <localedata locale="no">
        <title>All</title>
      </localedata>
      <parameter name="resourceaggregation.profile" type="string" update="set">profiles/profile_dojo_deferred.json</parameter>
      <parameter name="com.ibm.portal.static.page.file.name.html" type="string" update="set">&lt;![CDATA[ layout.html ]]&gt; </parameter>
      <parameter name="com.ibm.portal.layout.template.ref" type="string" update="set">&lt;![CDATA[ dav:fs-type1/themes/Portal8.5/layout-templates/1Column/ ]]&gt; </parameter>
      <access-control>
        <role actionset="Privileged User" update="set">
          <mapping subjectid="all authenticated portal users" subjecttype="user_group" update="set"/>
        </role>
      </access-control>
      <component action="update" ordinal="-1" orientation="H" type="container" uniquename="rational.portlets.All.pageContainer">
        <component action="update" ordinal="-1" orientation="V" type="container" uniquename="rational.portlets.All.projectVContainer.All">
          <parameter name="com.ibm.portal.layoutnode.localname" type="string" update="set">&lt;![CDATA[ ibmMainContainer ]]&gt; </parameter>
          <component action="update" ordinal="100" type="control" uniquename="rational.portlets.All.portletControl.All.All">
            <portletinstance action="update" portletref="rationalportletAll" uniquename="rational.portlets.All.portletInstance.All.All"/>
          </component>
        </component>
      </component>
    </content-node>
  </portal>
</request>

XML Access Response received at Thu Feb 18 20:20:41 CST 2016
<?xml version="1.0" encoding="UTF-8"?>
<request build="20140424-1749" type="update" version="8.5.0.0" xmlns:xsi="http://www.w3.org/2001/XMLSchema-instance" xsi:noNamespaceSchemaLocation="PortalConfig_8.5.0.xsd">
      <status element="all" result="ok"/>

</request>

